[INFO  - 2019-04-11T09:39:43.324Z] GhostDriver - Main - running on port 43657
[INFO  - 2019-04-11T09:39:44.985Z] Session [bd46e050-5c3d-11e9-82d0-71cf6803df6d] - page.settings - {"XSSAuditingEnabled":false,"javascriptCanCloseWindows":true,"javascriptCanOpenWindows":true,"javascriptEnabled":true,"loadImages":true,"localToRemoteUrlAccessEnabled":false,"userAgent":"Mozilla/5.0 (Windows NT 6.2; WOW64) AppleWebKit/538.1 (KHTML, like Gecko) PhantomJS/2.1.1 Safari/538.1","webSecurityEnabled":false}
[INFO  - 2019-04-11T09:39:44.986Z] Session [bd46e050-5c3d-11e9-82d0-71cf6803df6d] - page.customHeaders:  - {}
[INFO  - 2019-04-11T09:39:44.986Z] Session [bd46e050-5c3d-11e9-82d0-71cf6803df6d] - Session.negotiatedCapabilities - {"browserName":"phantomjs","version":"2.1.1","driverName":"ghostdriver","driverVersion":"1.2.0","platform":"windows-10-32bit","javascriptEnabled":true,"takesScreenshot":false,"handlesAlerts":false,"databaseEnabled":false,"locationContextEnabled":false,"applicationCacheEnabled":false,"browserConnectionEnabled":false,"cssSelectorsEnabled":true,"webStorageEnabled":false,"rotatable":false,"acceptSslCerts":false,"nativeEvents":true,"proxy":{"proxyType":"direct"}}
[INFO  - 2019-04-11T09:39:44.986Z] SessionManagerReqHand - _postNewSessionCommand - New Session Created: bd46e050-5c3d-11e9-82d0-71cf6803df6d
[ERROR - 2019-04-11T09:40:01.514Z] Session [bd46e050-5c3d-11e9-82d0-71cf6803df6d] - page.onError - msg: [object FileError]
[ERROR - 2019-04-11T09:40:01.514Z] Session [bd46e050-5c3d-11e9-82d0-71cf6803df6d] - page.onError - stack:
  (anonymous function) (https://static.zhihu.com/heifetz/main.question-routes.564c86febe9cc1f521e3.js:1)
essEnabled":false,"userAgent":"Mozilla/5.0 (Windows NT 6.2; WOW64) AppleWebKit/538.1 (KHTML, like Gecko) PhantomJS/2.1.1 Safari/538.1","webSecurityEnabled":false}
[INFO  - 2019-04-11T09:39:56.655Z] Session [c43b93b0-5c3d-11e9-9757-e30af23815e2] - page.customHeaders:  - {}
[INFO  - 2019-04-11T09:39:56.655Z] Session [c43b93b0-5c3d-11e9-9757-e30af23815e2] - Session.negotiatedCapabilities - {"browserName":"phantomjs","version":"2.1.1","driverName":"ghostdriver","driverVersion":"1.2.0","platform":"windows-10-32bit","javascriptEnabled":true,"takesScreenshot":false,"handlesAlerts":false,"databaseEnabled":false,"locationContextEnabled":false,"applicationCacheEnabled":false,"browserConnectionEnabled":false,"cssSelectorsEnabled":true,"webStorageEnabled":false,"rotatable":false,"acceptSslCerts":false,"nativeEvents":true,"proxy":{"proxyType":"direct"}}
[INFO  - 2019-04-11T09:39:56.655Z] SessionManagerReqHand - _postNewSessionCommand - New Session Created: c43b93b0-5c3d-11e9-9757-e30af23815e2
[INFO  - 2019-04-11T09:39:58.182Z] GhostDriver - Main - running on port 53799
[INFO  - 2019-04-11T09:39:58.719Z] Session [c5752520-5c3d-11e9-94c1-edfe4528c4f0] - page.settings - {"XSSAuditingEnabled":false,"javascriptCanCloseWindows":true,"javascriptCanOpenWindows":true,"javascriptEnabled":true,"loadImages":true,"localToRemoteUrlAccessEnabled":false,"userAgent":"Mozilla/5.0 (Windows NT 6.2; WOW64) AppleWebKit/538.1 (KHTML, like Gecko) PhantomJS/2.1.1 Safari/538.1","webSecurityEnabled":false}
[INFO  - 2019-04-11T09:39:58.719Z] Session [c5752520-5c3d-11e9-94c1-edfe4528c4f0] - page.customHeaders:  - {}
[INFO  - 2019-04-11T09:39:58.720Z] Session [c5752520-5c3d-11e9-94c1-edfe4528c4f0] - Session.negotiatedCapabilities - {"browserName":"phantomjs","version":"2.1.1","driverName":"ghostdriver","driverVersion":"1.2.0","platform":"windows-10-32bit","javascriptEnabled":true,"takesScreenshot":false,"handlesAlerts":false,"databaseEnabled":false,"locationContextEnabled":false,"applicationCacheEnabled":false,"browserConnectionEnabled":false,"cssSelectorsEnabled":true,"webStorageEnabled":false,"rotatable":false,"acceptSslCerts":false,"nativeEvents":true,"proxy":{"proxyType":"direct"}}
[INFO  - 2019-04-11T09:39:58.720Z] SessionManagerReqHand - _postNewSessionCommand - New Session Created: c5752520-5c3d-11e9-94c1-edfe4528c4f0
[INFO  - 2019-04-11T09:40:00.721Z] GhostDriver - Main - running on port 14772
[INFO  - 2019-04-11T09:40:00.746Z] Session [c6ab8240-5c3d-11e9-9dce-09a7c7fbbd74] - page.settings - {"XSSAuditingEnabled":false,"javascriptCanCloseWindows":true,"javascriptCanOpenWindows":true,"javascriptEnabled":true,"loadImages":true,"localToRemoteUrlAccessEnabled":false,"userAgent":"Mozilla/5.0 (Windows NT 6.2; WOW64) AppleWebKit/538.1 (KHTML, like Gecko) PhantomJS/2.1.1 Safari/538.1","webSecurityEnabled":false}
[INFO  - 2019-04-11T09:40:00.746Z] Session [c6ab8240-5c3d-11e9-9dce-09a7c7fbbd74] - page.customHeaders:  - {}
[INFO  - 2019-04-11T09:40:00.746Z] Session [c6ab8240-5c3d-11e9-9dce-09a7c7fbbd74] - Session.negotiatedCapabilities - {"browserName":"phantomjs","version":"2.1.1","driverName":"ghostdriver","driverVersion":"1.2.0","platform":"windows-10-32bit","javascriptEnabled":true,"takesScreenshot":false,"handlesAlerts":false,"databaseEnabled":false,"locationContextEnabled":false,"applicationCacheEnabled":false,"browserConnectionEnabled":false,"cssSelectorsEnabled":true,"webStorageEnabled":false,"rotatable":false,"acceptSslCerts":false,"nativeEvents":true,"proxy":{"proxyType":"direct"}}
[INFO  - 2019-04-11T09:40:00.746Z] SessionManagerReqHand - _postNewSessionCommand - New Session Created: c6ab8240-5c3d-11e9-9dce-09a7c7fbbd74
[INFO  - 2019-04-11T09:40:04.250Z] GhostDriver - Main - running on port 32884
[INFO  - 2019-04-11T09:40:04.788Z] Session [c913a8a0-5c3d-11e9-8acc-e74b08d88406] - page.settings - {"XSSAuditingEnabled":false,"javascriptCanCloseWindows":true,"javascriptCanOpenWindows":true,"javascriptEnabled":true,"loadImages":true,"localToRemoteUrlAccessEnabled":false,"userAgent":"Mozilla/5.0 (Windows NT 6.2; WOW64) AppleWebKit/538.1 (KHTML, like Gecko) PhantomJS/2.1.1 Safari/538.1","webSecurityEnabled":false}
[INFO  - 2019-04-11T09:40:04.788Z] Session [c913a8a0-5c3d-11e9-8acc-e74b08d88406] - page.customHeaders:  - {}
[INFO  - 2019-04-11T09:40:04.788Z] Session [c913a8a0-5c3d-11e9-8acc-e74b08d88406] - Session.negotiatedCapabilities - {"browserName":"phantomjs","version":"2.1.1","driverName":"ghostdriver","driverVersion":"1.2.0","platform":"windows-10-32bit","javascriptEnabled":true,"takesScreenshot":false,"handlesAlerts":false,"databaseEnabled":false,"locationContextEnabled":false,"applicationCacheEnabled":false,"browserConnectionEnabled":false,"cssSelectorsEnabled":true,"webStorageEnabled":false,"rotatable":false,"acceptSslCerts":false,"nativeEvents":true,"proxy":{"proxyType":"direct"}}
[INFO  - 2019-04-11T09:40:04.789Z] SessionManagerReqHand - _postNewSessionCommand - New Session Created: c913a8a0-5c3d-11e9-8acc-e74b08d88406
